0 info it worked if it ends with ok
1 verbose cli [ 'node', '/usr/local/bin/npm', 'install', '-g', 'ios-sim' ]
2 info using npm@2.7.4
3 info using node@v0.12.2
4 silly cache add args [ 'ios-sim', null ]
5 verbose cache add spec ios-sim
6 silly cache add parsed spec { raw: 'ios-sim',
6 silly cache add   scope: null,
6 silly cache add   name: 'ios-sim',
6 silly cache add   rawSpec: '',
6 silly cache add   spec: '*',
6 silly cache add   type: 'range' }
7 verbose addNamed ios-sim@*
8 silly addNamed semver.valid null
9 silly addNamed semver.validRange *
10 silly addNameRange { name: 'ios-sim', range: '*', hasData: false }
11 silly mapToRegistry name ios-sim
12 silly mapToRegistry using default registry
13 silly mapToRegistry registry https://registry.npmjs.org/
14 silly mapToRegistry uri https://registry.npmjs.org/ios-sim
15 verbose addNameRange registry:https://registry.npmjs.org/ios-sim not in flight; fetching
16 verbose request uri https://registry.npmjs.org/ios-sim
17 verbose request no auth needed
18 info attempt registry request try #1 at 2:07:10 PM
19 verbose request id deaeabf7fa2ac07e
20 http request GET https://registry.npmjs.org/ios-sim
21 http 200 https://registry.npmjs.org/ios-sim
22 silly get cb [ 200,
22 silly get   { date: 'Wed, 08 Apr 2015 18:07:11 GMT',
22 silly get     server: 'CouchDB/1.5.0 (Erlang OTP/R16B03)',
22 silly get     etag: '"LZQ64UFJSCLICI2NUYOLIGEP"',
22 silly get     'content-type': 'application/json',
22 silly get     'cache-control': 'max-age=60',
22 silly get     'content-length': '16374',
22 silly get     'accept-ranges': 'bytes',
22 silly get     via: '1.1 varnish',
22 silly get     age: '0',
22 silly get     'x-served-by': 'cache-ord1726-ORD',
22 silly get     'x-cache': 'HIT',
22 silly get     'x-cache-hits': '1',
22 silly get     'x-timer': 'S1428516431.049258,VS0,VE265',
22 silly get     vary: 'Accept',
22 silly get     'keep-alive': 'timeout=10, max=50',
22 silly get     connection: 'Keep-Alive' } ]
23 verbose get saving ios-sim to /Users/AriLoveless/.npm/registry.npmjs.org/ios-sim/.cache.json
24 silly addNameRange number 2 { name: 'ios-sim', range: '*', hasData: true }
25 silly addNameRange versions [ 'ios-sim',
25 silly addNameRange   [ '1.8.0',
25 silly addNameRange     '1.8.1',
25 silly addNameRange     '1.8.2',
25 silly addNameRange     '1.9.0',
25 silly addNameRange     '2.0.0',
25 silly addNameRange     '2.0.1',
25 silly addNameRange     '3.0.0',
25 silly addNameRange     '3.1.0',
25 silly addNameRange     '3.1.1',
25 silly addNameRange     '4.0.0',
25 silly addNameRange     '4.0.1' ] ]
26 verbose addNamed ios-sim@3.1.1
27 silly addNamed semver.valid 3.1.1
28 silly addNamed semver.validRange 3.1.1
29 silly mapToRegistry name ios-sim
30 silly mapToRegistry using default registry
31 silly mapToRegistry registry https://registry.npmjs.org/
32 silly mapToRegistry uri https://registry.npmjs.org/ios-sim
33 verbose addRemoteTarball https://registry.npmjs.org/ios-sim/-/ios-sim-3.1.1.tgz not in flight; adding
34 verbose addRemoteTarball [ 'https://registry.npmjs.org/ios-sim/-/ios-sim-3.1.1.tgz',
34 verbose addRemoteTarball   '1129c3fda31b917ef656b8c53fd276392b51c6e8' ]
35 info retry fetch attempt 1 at 2:07:11 PM
36 info attempt registry request try #1 at 2:07:11 PM
37 http fetch GET https://registry.npmjs.org/ios-sim/-/ios-sim-3.1.1.tgz
38 http fetch 200 https://registry.npmjs.org/ios-sim/-/ios-sim-3.1.1.tgz
39 silly fetchAndShaCheck shasum 1129c3fda31b917ef656b8c53fd276392b51c6e8
40 verbose addTmpTarball /var/folders/d7/b34h88yx1391t71f7dlqzw0m0000gn/T/npm-3782-8c2d2d87/registry.npmjs.org/ios-sim/-/ios-sim-3.1.1.tgz not in flight; adding
41 verbose addTmpTarball already have metadata; skipping unpack for ios-sim@3.1.1
42 silly cache afterAdd ios-sim@3.1.1
43 verbose afterAdd /Users/AriLoveless/.npm/ios-sim/3.1.1/package/package.json not in flight; writing
44 verbose afterAdd /Users/AriLoveless/.npm/ios-sim/3.1.1/package/package.json written
45 silly install resolved [ { name: 'ios-sim',
45 silly install resolved     version: '3.1.1',
45 silly install resolved     description: 'launch iOS apps into the iOS Simulator from the command line (Xcode 6.0)',
45 silly install resolved     main: 'ios-sim',
45 silly install resolved     scripts: { preinstall: 'rake build' },
45 silly install resolved     bin: { 'ios-sim': 'build/Release/ios-sim' },
45 silly install resolved     repository: { type: 'git', url: 'https://github.com/phonegap/ios-sim' },
45 silly install resolved     keywords: [ 'ios-sim', 'iOS Simulator' ],
45 silly install resolved     author: { name: 'Landon Fuller, Jeff Haynie, Eloy Duran, Shazron Abdullah' },
45 silly install resolved     license: 'MIT',
45 silly install resolved     gitHead: 'c6ec64397e5fa462f1ea2d4e4fdc123a856618f9',
45 silly install resolved     bugs: { url: 'https://github.com/phonegap/ios-sim/issues' },
45 silly install resolved     homepage: 'https://github.com/phonegap/ios-sim',
45 silly install resolved     _id: 'ios-sim@3.1.1',
45 silly install resolved     _shasum: '1129c3fda31b917ef656b8c53fd276392b51c6e8',
45 silly install resolved     _from: 'ios-sim@*',
45 silly install resolved     _npmVersion: '1.4.14',
45 silly install resolved     _npmUser: { name: 'shazron', email: 'shazron@gmail.com' },
45 silly install resolved     maintainers: [ [Object] ],
45 silly install resolved     dist:
45 silly install resolved      { shasum: '1129c3fda31b917ef656b8c53fd276392b51c6e8',
45 silly install resolved        tarball: 'http://registry.npmjs.org/ios-sim/-/ios-sim-3.1.1.tgz' },
45 silly install resolved     directories: {},
45 silly install resolved     _resolved: 'https://registry.npmjs.org/ios-sim/-/ios-sim-3.1.1.tgz' } ]
46 info install ios-sim@3.1.1 into /usr/local/lib
47 info installOne ios-sim@3.1.1
48 verbose installOne of ios-sim to /usr/local/lib not in flight; installing
49 warn locking Error: EACCES, open '/Users/AriLoveless/.npm/_locks/ios-sim-3bb56db538048d2f.lock'
49 warn locking     at Error (native)
49 warn locking  /Users/AriLoveless/.npm/_locks/ios-sim-3bb56db538048d2f.lock failed { [Error: EACCES, open '/Users/AriLoveless/.npm/_locks/ios-sim-3bb56db538048d2f.lock']
49 warn locking   errno: -13,
49 warn locking   code: 'EACCES',
49 warn locking   path: '/Users/AriLoveless/.npm/_locks/ios-sim-3bb56db538048d2f.lock' }
50 verbose stack Error: Attempt to unlock /usr/local/lib/node_modules/ios-sim, which hasn't been locked
50 verbose stack     at unlock (/usr/local/lib/node_modules/npm/lib/utils/locker.js:66:11)
50 verbose stack     at cb (/usr/local/lib/node_modules/npm/lib/install.js:1004:5)
50 verbose stack     at /usr/local/lib/node_modules/npm/lib/install.js:1008:20
50 verbose stack     at /usr/local/lib/node_modules/npm/lib/utils/locker.js:40:9
50 verbose stack     at cb (/usr/local/lib/node_modules/npm/node_modules/lockfile/lockfile.js:149:38)
50 verbose stack     at /usr/local/lib/node_modules/npm/node_modules/lockfile/lockfile.js:177:38
50 verbose stack     at FSReqWrap.oncomplete (fs.js:95:15)
51 verbose cwd /Applications/MAMP/htdocs/giftr
52 error Darwin 14.1.0
53 error argv "node" "/usr/local/bin/npm" "install" "-g" "ios-sim"
54 error node v0.12.2
55 error npm  v2.7.4
56 error Attempt to unlock /usr/local/lib/node_modules/ios-sim, which hasn't been locked
57 error If you need help, you may report this error at:
57 error     <https://github.com/npm/npm/issues>
58 verbose exit [ 1, true ]
